=> Booting Puma
=> Rails 6.0.3 application starting in production 
=> Run `rails server --help` for more startup options
Exiting
/usr/local/rbenv/versions/2.6.5/lib/ruby/gems/2.6.0/gems/railties-6.0.3/lib/rails/application.rb:588:in `validate_secret_key_base': Missing `secret_key_base` for 'production' environment, set this string with `rails credentials:edit` (ArgumentError)
	from /usr/local/rbenv/versions/2.6.5/lib/ruby/gems/2.6.0/gems/railties-6.0.3/lib/rails/application.rb:423:in `secret_key_base'
	from /usr/local/rbenv/versions/2.6.5/lib/ruby/gems/2.6.0/gems/railties-6.0.3/lib/rails/application.rb:177:in `key_generator'
	from /usr/local/rbenv/versions/2.6.5/lib/ruby/gems/2.6.0/gems/railties-6.0.3/lib/rails/application.rb:201:in `message_verifier'
	from /usr/local/rbenv/versions/2.6.5/lib/ruby/gems/2.6.0/gems/activestorage-6.0.3/lib/active_storage/engine.rb:97:in `block (2 levels) in <class:Engine>'
	from /usr/local/rbenv/versions/2.6.5/lib/ruby/gems/2.6.0/gems/activesupport-6.0.3/lib/active_support/lazy_load_hooks.rb:68:in `block in execute_hook'
	from /usr/local/rbenv/versions/2.6.5/lib/ruby/gems/2.6.0/gems/activesupport-6.0.3/lib/active_support/lazy_load_hooks.rb:61:in `with_execution_control'
	from /usr/local/rbenv/versions/2.6.5/lib/ruby/gems/2.6.0/gems/activesupport-6.0.3/lib/active_support/lazy_load_hooks.rb:66:in `execute_hook'
	from /usr/local/rbenv/versions/2.6.5/lib/ruby/gems/2.6.0/gems/activesupport-6.0.3/lib/active_support/lazy_load_hooks.rb:52:in `block in run_load_hooks'
	from /usr/local/rbenv/versions/2.6.5/lib/ruby/gems/2.6.0/gems/activesupport-6.0.3/lib/active_support/lazy_load_hooks.rb:51:in `each'
	from /usr/local/rbenv/versions/2.6.5/lib/ruby/gems/2.6.0/gems/activesupport-6.0.3/lib/active_support/lazy_load_hooks.rb:51:in `run_load_hooks'
	from /usr/local/rbenv/versions/2.6.5/lib/ruby/gems/2.6.0/gems/railties-6.0.3/lib/rails/application/finisher.rb:129:in `block in <module:Finisher>'
	from /usr/local/rbenv/versions/2.6.5/lib/ruby/gems/2.6.0/gems/railties-6.0.3/lib/rails/initializable.rb:32:in `instance_exec'
	from /usr/local/rbenv/versions/2.6.5/lib/ruby/gems/2.6.0/gems/railties-6.0.3/lib/rails/initializable.rb:32:in `run'
	from /usr/local/rbenv/versions/2.6.5/lib/ruby/gems/2.6.0/gems/railties-6.0.3/lib/rails/initializable.rb:61:in `block in run_initializers'
	from /usr/local/rbenv/versions/2.6.5/lib/ruby/2.6.0/tsort.rb:228:in `block in tsort_each'
	from /usr/local/rbenv/versions/2.6.5/lib/ruby/2.6.0/tsort.rb:350:in `block (2 levels) in each_strongly_connected_component'
	from /usr/local/rbenv/versions/2.6.5/lib/ruby/2.6.0/tsort.rb:431:in `each_strongly_connected_component_from'
	from /usr/local/rbenv/versions/2.6.5/lib/ruby/2.6.0/tsort.rb:349:in `block in each_strongly_connected_component'
	from /usr/local/rbenv/versions/2.6.5/lib/ruby/2.6.0/tsort.rb:347:in `each'
	from /usr/local/rbenv/versions/2.6.5/lib/ruby/2.6.0/tsort.rb:347:in `call'
	from /usr/local/rbenv/versions/2.6.5/lib/ruby/2.6.0/tsort.rb:347:in `each_strongly_connected_component'
	from /usr/local/rbenv/versions/2.6.5/lib/ruby/2.6.0/tsort.rb:226:in `tsort_each'
	from /usr/local/rbenv/versions/2.6.5/lib/ruby/2.6.0/tsort.rb:205:in `tsort_each'
	from /usr/local/rbenv/versions/2.6.5/lib/ruby/gems/2.6.0/gems/railties-6.0.3/lib/rails/initializable.rb:60:in `run_initializers'
	from /usr/local/rbenv/versions/2.6.5/lib/ruby/gems/2.6.0/gems/railties-6.0.3/lib/rails/application.rb:363:in `initialize!'
	from /home/assis/projetos/servicochartrails/config/environment.rb:5:in `<main>'
	from /usr/local/rbenv/versions/2.6.5/lib/ruby/gems/2.6.0/gems/bootsnap-1.4.6/lib/bootsnap/load_path_cache/core_ext/kernel_require.rb:23:in `require'
	from /usr/local/rbenv/versions/2.6.5/lib/ruby/gems/2.6.0/gems/bootsnap-1.4.6/lib/bootsnap/load_path_cache/core_ext/kernel_require.rb:23:in `block in require_with_bootsnap_lfi'
	from /usr/local/rbenv/versions/2.6.5/lib/ruby/gems/2.6.0/gems/bootsnap-1.4.6/lib/bootsnap/load_path_cache/loaded_features_index.rb:92:in `register'
	from /usr/local/rbenv/versions/2.6.5/lib/ruby/gems/2.6.0/gems/bootsnap-1.4.6/lib/bootsnap/load_path_cache/core_ext/kernel_require.rb:22:in `require_with_bootsnap_lfi'
	from /usr/local/rbenv/versions/2.6.5/lib/ruby/gems/2.6.0/gems/bootsnap-1.4.6/lib/bootsnap/load_path_cache/core_ext/kernel_require.rb:31:in `require'
	from /usr/local/rbenv/versions/2.6.5/lib/ruby/gems/2.6.0/gems/zeitwerk-2.3.0/lib/zeitwerk/kernel.rb:23:in `require'
	from /usr/local/rbenv/versions/2.6.5/lib/ruby/gems/2.6.0/gems/activesupport-6.0.3/lib/active_support/dependencies.rb:324:in `block in require'
	from /usr/local/rbenv/versions/2.6.5/lib/ruby/gems/2.6.0/gems/activesupport-6.0.3/lib/active_support/dependencies.rb:291:in `load_dependency'
	from /usr/local/rbenv/versions/2.6.5/lib/ruby/gems/2.6.0/gems/activesupport-6.0.3/lib/active_support/dependencies.rb:324:in `require'
	from /usr/local/rbenv/versions/2.6.5/lib/ruby/gems/2.6.0/gems/bootsnap-1.4.6/lib/bootsnap/load_path_cache/core_ext/kernel_require.rb:49:in `require_relative'
	from config.ru:3:in `block in <main>'
	from /usr/local/rbenv/versions/2.6.5/lib/ruby/gems/2.6.0/gems/rack-2.2.2/lib/rack/builder.rb:116:in `eval'
	from /usr/local/rbenv/versions/2.6.5/lib/ruby/gems/2.6.0/gems/rack-2.2.2/lib/rack/builder.rb:116:in `new_from_string'
	from /usr/local/rbenv/versions/2.6.5/lib/ruby/gems/2.6.0/gems/rack-2.2.2/lib/rack/builder.rb:105:in `load_file'
	from /usr/local/rbenv/versions/2.6.5/lib/ruby/gems/2.6.0/gems/rack-2.2.2/lib/rack/builder.rb:66:in `parse_file'
	from /usr/local/rbenv/versions/2.6.5/lib/ruby/gems/2.6.0/gems/rack-2.2.2/lib/rack/server.rb:349:in `build_app_and_options_from_config'
	from /usr/local/rbenv/versions/2.6.5/lib/ruby/gems/2.6.0/gems/rack-2.2.2/lib/rack/server.rb:249:in `app'
	from /usr/local/rbenv/versions/2.6.5/lib/ruby/gems/2.6.0/gems/rack-2.2.2/lib/rack/server.rb:422:in `wrapped_app'
	from /usr/local/rbenv/versions/2.6.5/lib/ruby/gems/2.6.0/gems/rack-2.2.2/lib/rack/server.rb:312:in `block in start'
	from /usr/local/rbenv/versions/2.6.5/lib/ruby/gems/2.6.0/gems/rack-2.2.2/lib/rack/server.rb:379:in `handle_profiling'
	from /usr/local/rbenv/versions/2.6.5/lib/ruby/gems/2.6.0/gems/rack-2.2.2/lib/rack/server.rb:311:in `start'
	from /usr/local/rbenv/versions/2.6.5/lib/ruby/gems/2.6.0/gems/railties-6.0.3/lib/rails/commands/server/server_command.rb:39:in `start'
	from /usr/local/rbenv/versions/2.6.5/lib/ruby/gems/2.6.0/gems/railties-6.0.3/lib/rails/commands/server/server_command.rb:147:in `block in perform'
	from /usr/local/rbenv/versions/2.6.5/lib/ruby/gems/2.6.0/gems/railties-6.0.3/lib/rails/commands/server/server_command.rb:138:in `tap'
	from /usr/local/rbenv/versions/2.6.5/lib/ruby/gems/2.6.0/gems/railties-6.0.3/lib/rails/commands/server/server_command.rb:138:in `perform'
	from /usr/local/rbenv/versions/2.6.5/lib/ruby/gems/2.6.0/gems/thor-1.0.1/lib/thor/command.rb:27:in `run'
	from /usr/local/rbenv/versions/2.6.5/lib/ruby/gems/2.6.0/gems/thor-1.0.1/lib/thor/invocation.rb:127:in `invoke_command'
	from /usr/local/rbenv/versions/2.6.5/lib/ruby/gems/2.6.0/gems/thor-1.0.1/lib/thor.rb:392:in `dispatch'
	from /usr/local/rbenv/versions/2.6.5/lib/ruby/gems/2.6.0/gems/railties-6.0.3/lib/rails/command/base.rb:69:in `perform'
	from /usr/local/rbenv/versions/2.6.5/lib/ruby/gems/2.6.0/gems/railties-6.0.3/lib/rails/command.rb:46:in `invoke'
	from /usr/local/rbenv/versions/2.6.5/lib/ruby/gems/2.6.0/gems/railties-6.0.3/lib/rails/commands.rb:18:in `<main>'
	from /usr/local/rbenv/versions/2.6.5/lib/ruby/gems/2.6.0/gems/bootsnap-1.4.6/lib/bootsnap/load_path_cache/core_ext/kernel_require.rb:23:in `require'
	from /usr/local/rbenv/versions/2.6.5/lib/ruby/gems/2.6.0/gems/bootsnap-1.4.6/lib/bootsnap/load_path_cache/core_ext/kernel_require.rb:23:in `block in require_with_bootsnap_lfi'
	from /usr/local/rbenv/versions/2.6.5/lib/ruby/gems/2.6.0/gems/bootsnap-1.4.6/lib/bootsnap/load_path_cache/loaded_features_index.rb:92:in `register'
	from /usr/local/rbenv/versions/2.6.5/lib/ruby/gems/2.6.0/gems/bootsnap-1.4.6/lib/bootsnap/load_path_cache/core_ext/kernel_require.rb:22:in `require_with_bootsnap_lfi'
	from /usr/local/rbenv/versions/2.6.5/lib/ruby/gems/2.6.0/gems/bootsnap-1.4.6/lib/bootsnap/load_path_cache/core_ext/kernel_require.rb:31:in `require'
	from /usr/local/rbenv/versions/2.6.5/lib/ruby/gems/2.6.0/gems/activesupport-6.0.3/lib/active_support/dependencies.rb:324:in `block in require'
	from /usr/local/rbenv/versions/2.6.5/lib/ruby/gems/2.6.0/gems/activesupport-6.0.3/lib/active_support/dependencies.rb:291:in `load_dependency'
	from /usr/local/rbenv/versions/2.6.5/lib/ruby/gems/2.6.0/gems/activesupport-6.0.3/lib/active_support/dependencies.rb:324:in `require'
	from /home/assis/projetos/servicochartrails/bin/rails:9:in `<top (required)>'
	from /usr/local/rbenv/versions/2.6.5/lib/ruby/gems/2.6.0/gems/spring-2.1.0/lib/spring/client/rails.rb:28:in `load'
	from /usr/local/rbenv/versions/2.6.5/lib/ruby/gems/2.6.0/gems/spring-2.1.0/lib/spring/client/rails.rb:28:in `call'
	from /usr/local/rbenv/versions/2.6.5/lib/ruby/gems/2.6.0/gems/spring-2.1.0/lib/spring/client/command.rb:7:in `call'
	from /usr/local/rbenv/versions/2.6.5/lib/ruby/gems/2.6.0/gems/spring-2.1.0/lib/spring/client.rb:30:in `run'
	from /usr/local/rbenv/versions/2.6.5/lib/ruby/gems/2.6.0/gems/spring-2.1.0/bin/spring:49:in `<top (required)>'
	from /usr/local/rbenv/versions/2.6.5/lib/ruby/gems/2.6.0/gems/spring-2.1.0/lib/spring/binstub.rb:11:in `load'
	from /usr/local/rbenv/versions/2.6.5/lib/ruby/gems/2.6.0/gems/spring-2.1.0/lib/spring/binstub.rb:11:in `<top (required)>'
	from /usr/local/rbenv/versions/2.6.5/lib/ruby/site_ruby/2.6.0/rubygems/core_ext/kernel_require.rb:85:in `require'
	from /usr/local/rbenv/versions/2.6.5/lib/ruby/site_ruby/2.6.0/rubygems/core_ext/kernel_require.rb:85:in `require'
	from /home/assis/projetos/servicochartrails/bin/spring:15:in `<top (required)>'
	from bin/rails:3:in `load'
	from bin/rails:3:in `<main>'
=> Booting Puma
=> Rails 6.0.3 application starting in production 
=> Run `rails server --help` for more startup options
Exiting
/usr/local/rbenv/versions/2.6.5/lib/ruby/gems/2.6.0/gems/railties-6.0.3/lib/rails/application.rb:588:in `validate_secret_key_base': Missing `secret_key_base` for 'production' environment, set this string with `rails credentials:edit` (ArgumentError)
	from /usr/local/rbenv/versions/2.6.5/lib/ruby/gems/2.6.0/gems/railties-6.0.3/lib/rails/application.rb:423:in `secret_key_base'
	from /usr/local/rbenv/versions/2.6.5/lib/ruby/gems/2.6.0/gems/railties-6.0.3/lib/rails/application.rb:177:in `key_generator'
	from /usr/local/rbenv/versions/2.6.5/lib/ruby/gems/2.6.0/gems/railties-6.0.3/lib/rails/application.rb:201:in `message_verifier'
	from /usr/local/rbenv/versions/2.6.5/lib/ruby/gems/2.6.0/gems/activestorage-6.0.3/lib/active_storage/engine.rb:97:in `block (2 levels) in <class:Engine>'
	from /usr/local/rbenv/versions/2.6.5/lib/ruby/gems/2.6.0/gems/activesupport-6.0.3/lib/active_support/lazy_load_hooks.rb:68:in `block in execute_hook'
	from /usr/local/rbenv/versions/2.6.5/lib/ruby/gems/2.6.0/gems/activesupport-6.0.3/lib/active_support/lazy_load_hooks.rb:61:in `with_execution_control'
	from /usr/local/rbenv/versions/2.6.5/lib/ruby/gems/2.6.0/gems/activesupport-6.0.3/lib/active_support/lazy_load_hooks.rb:66:in `execute_hook'
	from /usr/local/rbenv/versions/2.6.5/lib/ruby/gems/2.6.0/gems/activesupport-6.0.3/lib/active_support/lazy_load_hooks.rb:52:in `block in run_load_hooks'
	from /usr/local/rbenv/versions/2.6.5/lib/ruby/gems/2.6.0/gems/activesupport-6.0.3/lib/active_support/lazy_load_hooks.rb:51:in `each'
	from /usr/local/rbenv/versions/2.6.5/lib/ruby/gems/2.6.0/gems/activesupport-6.0.3/lib/active_support/lazy_load_hooks.rb:51:in `run_load_hooks'
	from /usr/local/rbenv/versions/2.6.5/lib/ruby/gems/2.6.0/gems/railties-6.0.3/lib/rails/application/finisher.rb:129:in `block in <module:Finisher>'
	from /usr/local/rbenv/versions/2.6.5/lib/ruby/gems/2.6.0/gems/railties-6.0.3/lib/rails/initializable.rb:32:in `instance_exec'
	from /usr/local/rbenv/versions/2.6.5/lib/ruby/gems/2.6.0/gems/railties-6.0.3/lib/rails/initializable.rb:32:in `run'
	from /usr/local/rbenv/versions/2.6.5/lib/ruby/gems/2.6.0/gems/railties-6.0.3/lib/rails/initializable.rb:61:in `block in run_initializers'
	from /usr/local/rbenv/versions/2.6.5/lib/ruby/2.6.0/tsort.rb:228:in `block in tsort_each'
	from /usr/local/rbenv/versions/2.6.5/lib/ruby/2.6.0/tsort.rb:350:in `block (2 levels) in each_strongly_connected_component'
	from /usr/local/rbenv/versions/2.6.5/lib/ruby/2.6.0/tsort.rb:431:in `each_strongly_connected_component_from'
	from /usr/local/rbenv/versions/2.6.5/lib/ruby/2.6.0/tsort.rb:349:in `block in each_strongly_connected_component'
	from /usr/local/rbenv/versions/2.6.5/lib/ruby/2.6.0/tsort.rb:347:in `each'
	from /usr/local/rbenv/versions/2.6.5/lib/ruby/2.6.0/tsort.rb:347:in `call'
	from /usr/local/rbenv/versions/2.6.5/lib/ruby/2.6.0/tsort.rb:347:in `each_strongly_connected_component'
	from /usr/local/rbenv/versions/2.6.5/lib/ruby/2.6.0/tsort.rb:226:in `tsort_each'
	from /usr/local/rbenv/versions/2.6.5/lib/ruby/2.6.0/tsort.rb:205:in `tsort_each'
	from /usr/local/rbenv/versions/2.6.5/lib/ruby/gems/2.6.0/gems/railties-6.0.3/lib/rails/initializable.rb:60:in `run_initializers'
	from /usr/local/rbenv/versions/2.6.5/lib/ruby/gems/2.6.0/gems/railties-6.0.3/lib/rails/application.rb:363:in `initialize!'
	from /home/assis/projetos/servicochartrails/config/environment.rb:5:in `<main>'
	from /usr/local/rbenv/versions/2.6.5/lib/ruby/gems/2.6.0/gems/bootsnap-1.4.6/lib/bootsnap/load_path_cache/core_ext/kernel_require.rb:23:in `require'
	from /usr/local/rbenv/versions/2.6.5/lib/ruby/gems/2.6.0/gems/bootsnap-1.4.6/lib/bootsnap/load_path_cache/core_ext/kernel_require.rb:23:in `block in require_with_bootsnap_lfi'
	from /usr/local/rbenv/versions/2.6.5/lib/ruby/gems/2.6.0/gems/bootsnap-1.4.6/lib/bootsnap/load_path_cache/loaded_features_index.rb:92:in `register'
	from /usr/local/rbenv/versions/2.6.5/lib/ruby/gems/2.6.0/gems/bootsnap-1.4.6/lib/bootsnap/load_path_cache/core_ext/kernel_require.rb:22:in `require_with_bootsnap_lfi'
	from /usr/local/rbenv/versions/2.6.5/lib/ruby/gems/2.6.0/gems/bootsnap-1.4.6/lib/bootsnap/load_path_cache/core_ext/kernel_require.rb:31:in `require'
	from /usr/local/rbenv/versions/2.6.5/lib/ruby/gems/2.6.0/gems/zeitwerk-2.3.0/lib/zeitwerk/kernel.rb:23:in `require'
	from /usr/local/rbenv/versions/2.6.5/lib/ruby/gems/2.6.0/gems/activesupport-6.0.3/lib/active_support/dependencies.rb:324:in `block in require'
	from /usr/local/rbenv/versions/2.6.5/lib/ruby/gems/2.6.0/gems/activesupport-6.0.3/lib/active_support/dependencies.rb:291:in `load_dependency'
	from /usr/local/rbenv/versions/2.6.5/lib/ruby/gems/2.6.0/gems/activesupport-6.0.3/lib/active_support/dependencies.rb:324:in `require'
	from /usr/local/rbenv/versions/2.6.5/lib/ruby/gems/2.6.0/gems/bootsnap-1.4.6/lib/bootsnap/load_path_cache/core_ext/kernel_require.rb:49:in `require_relative'
	from config.ru:3:in `block in <main>'
	from /usr/local/rbenv/versions/2.6.5/lib/ruby/gems/2.6.0/gems/rack-2.2.2/lib/rack/builder.rb:116:in `eval'
	from /usr/local/rbenv/versions/2.6.5/lib/ruby/gems/2.6.0/gems/rack-2.2.2/lib/rack/builder.rb:116:in `new_from_string'
	from /usr/local/rbenv/versions/2.6.5/lib/ruby/gems/2.6.0/gems/rack-2.2.2/lib/rack/builder.rb:105:in `load_file'
	from /usr/local/rbenv/versions/2.6.5/lib/ruby/gems/2.6.0/gems/rack-2.2.2/lib/rack/builder.rb:66:in `parse_file'
	from /usr/local/rbenv/versions/2.6.5/lib/ruby/gems/2.6.0/gems/rack-2.2.2/lib/rack/server.rb:349:in `build_app_and_options_from_config'
	from /usr/local/rbenv/versions/2.6.5/lib/ruby/gems/2.6.0/gems/rack-2.2.2/lib/rack/server.rb:249:in `app'
	from /usr/local/rbenv/versions/2.6.5/lib/ruby/gems/2.6.0/gems/rack-2.2.2/lib/rack/server.rb:422:in `wrapped_app'
	from /usr/local/rbenv/versions/2.6.5/lib/ruby/gems/2.6.0/gems/rack-2.2.2/lib/rack/server.rb:312:in `block in start'
	from /usr/local/rbenv/versions/2.6.5/lib/ruby/gems/2.6.0/gems/rack-2.2.2/lib/rack/server.rb:379:in `handle_profiling'
	from /usr/local/rbenv/versions/2.6.5/lib/ruby/gems/2.6.0/gems/rack-2.2.2/lib/rack/server.rb:311:in `start'
	from /usr/local/rbenv/versions/2.6.5/lib/ruby/gems/2.6.0/gems/railties-6.0.3/lib/rails/commands/server/server_command.rb:39:in `start'
	from /usr/local/rbenv/versions/2.6.5/lib/ruby/gems/2.6.0/gems/railties-6.0.3/lib/rails/commands/server/server_command.rb:147:in `block in perform'
	from /usr/local/rbenv/versions/2.6.5/lib/ruby/gems/2.6.0/gems/railties-6.0.3/lib/rails/commands/server/server_command.rb:138:in `tap'
	from /usr/local/rbenv/versions/2.6.5/lib/ruby/gems/2.6.0/gems/railties-6.0.3/lib/rails/commands/server/server_command.rb:138:in `perform'
	from /usr/local/rbenv/versions/2.6.5/lib/ruby/gems/2.6.0/gems/thor-1.0.1/lib/thor/command.rb:27:in `run'
	from /usr/local/rbenv/versions/2.6.5/lib/ruby/gems/2.6.0/gems/thor-1.0.1/lib/thor/invocation.rb:127:in `invoke_command'
	from /usr/local/rbenv/versions/2.6.5/lib/ruby/gems/2.6.0/gems/thor-1.0.1/lib/thor.rb:392:in `dispatch'
	from /usr/local/rbenv/versions/2.6.5/lib/ruby/gems/2.6.0/gems/railties-6.0.3/lib/rails/command/base.rb:69:in `perform'
	from /usr/local/rbenv/versions/2.6.5/lib/ruby/gems/2.6.0/gems/railties-6.0.3/lib/rails/command.rb:46:in `invoke'
	from /usr/local/rbenv/versions/2.6.5/lib/ruby/gems/2.6.0/gems/railties-6.0.3/lib/rails/commands.rb:18:in `<main>'
	from /usr/local/rbenv/versions/2.6.5/lib/ruby/gems/2.6.0/gems/bootsnap-1.4.6/lib/bootsnap/load_path_cache/core_ext/kernel_require.rb:23:in `require'
	from /usr/local/rbenv/versions/2.6.5/lib/ruby/gems/2.6.0/gems/bootsnap-1.4.6/lib/bootsnap/load_path_cache/core_ext/kernel_require.rb:23:in `block in require_with_bootsnap_lfi'
	from /usr/local/rbenv/versions/2.6.5/lib/ruby/gems/2.6.0/gems/bootsnap-1.4.6/lib/bootsnap/load_path_cache/loaded_features_index.rb:92:in `register'
	from /usr/local/rbenv/versions/2.6.5/lib/ruby/gems/2.6.0/gems/bootsnap-1.4.6/lib/bootsnap/load_path_cache/core_ext/kernel_require.rb:22:in `require_with_bootsnap_lfi'
	from /usr/local/rbenv/versions/2.6.5/lib/ruby/gems/2.6.0/gems/bootsnap-1.4.6/lib/bootsnap/load_path_cache/core_ext/kernel_require.rb:31:in `require'
	from /usr/local/rbenv/versions/2.6.5/lib/ruby/gems/2.6.0/gems/activesupport-6.0.3/lib/active_support/dependencies.rb:324:in `block in require'
	from /usr/local/rbenv/versions/2.6.5/lib/ruby/gems/2.6.0/gems/activesupport-6.0.3/lib/active_support/dependencies.rb:291:in `load_dependency'
	from /usr/local/rbenv/versions/2.6.5/lib/ruby/gems/2.6.0/gems/activesupport-6.0.3/lib/active_support/dependencies.rb:324:in `require'
	from /home/assis/projetos/servicochartrails/bin/rails:9:in `<top (required)>'
	from /usr/local/rbenv/versions/2.6.5/lib/ruby/gems/2.6.0/gems/spring-2.1.0/lib/spring/client/rails.rb:28:in `load'
	from /usr/local/rbenv/versions/2.6.5/lib/ruby/gems/2.6.0/gems/spring-2.1.0/lib/spring/client/rails.rb:28:in `call'
	from /usr/local/rbenv/versions/2.6.5/lib/ruby/gems/2.6.0/gems/spring-2.1.0/lib/spring/client/command.rb:7:in `call'
	from /usr/local/rbenv/versions/2.6.5/lib/ruby/gems/2.6.0/gems/spring-2.1.0/lib/spring/client.rb:30:in `run'
	from /usr/local/rbenv/versions/2.6.5/lib/ruby/gems/2.6.0/gems/spring-2.1.0/bin/spring:49:in `<top (required)>'
	from /usr/local/rbenv/versions/2.6.5/lib/ruby/gems/2.6.0/gems/spring-2.1.0/lib/spring/binstub.rb:11:in `load'
	from /usr/local/rbenv/versions/2.6.5/lib/ruby/gems/2.6.0/gems/spring-2.1.0/lib/spring/binstub.rb:11:in `<top (required)>'
	from /usr/local/rbenv/versions/2.6.5/lib/ruby/site_ruby/2.6.0/rubygems/core_ext/kernel_require.rb:85:in `require'
	from /usr/local/rbenv/versions/2.6.5/lib/ruby/site_ruby/2.6.0/rubygems/core_ext/kernel_require.rb:85:in `require'
	from /home/assis/projetos/servicochartrails/bin/spring:15:in `<top (required)>'
	from bin/rails:3:in `load'
	from bin/rails:3:in `<main>'
=> Booting Puma
=> Rails 6.0.3 application starting in production 
=> Run `rails server --help` for more startup options
Exiting
/usr/local/rbenv/versions/2.6.5/lib/ruby/gems/2.6.0/gems/railties-6.0.3/lib/rails/application.rb:588:in `validate_secret_key_base': Missing `secret_key_base` for 'production' environment, set this string with `rails credentials:edit` (ArgumentError)
	from /usr/local/rbenv/versions/2.6.5/lib/ruby/gems/2.6.0/gems/railties-6.0.3/lib/rails/application.rb:423:in `secret_key_base'
	from /usr/local/rbenv/versions/2.6.5/lib/ruby/gems/2.6.0/gems/railties-6.0.3/lib/rails/application.rb:177:in `key_generator'
	from /usr/local/rbenv/versions/2.6.5/lib/ruby/gems/2.6.0/gems/railties-6.0.3/lib/rails/application.rb:201:in `message_verifier'
	from /usr/local/rbenv/versions/2.6.5/lib/ruby/gems/2.6.0/gems/activestorage-6.0.3/lib/active_storage/engine.rb:97:in `block (2 levels) in <class:Engine>'
	from /usr/local/rbenv/versions/2.6.5/lib/ruby/gems/2.6.0/gems/activesupport-6.0.3/lib/active_support/lazy_load_hooks.rb:68:in `block in execute_hook'
	from /usr/local/rbenv/versions/2.6.5/lib/ruby/gems/2.6.0/gems/activesupport-6.0.3/lib/active_support/lazy_load_hooks.rb:61:in `with_execution_control'
	from /usr/local/rbenv/versions/2.6.5/lib/ruby/gems/2.6.0/gems/activesupport-6.0.3/lib/active_support/lazy_load_hooks.rb:66:in `execute_hook'
	from /usr/local/rbenv/versions/2.6.5/lib/ruby/gems/2.6.0/gems/activesupport-6.0.3/lib/active_support/lazy_load_hooks.rb:52:in `block in run_load_hooks'
	from /usr/local/rbenv/versions/2.6.5/lib/ruby/gems/2.6.0/gems/activesupport-6.0.3/lib/active_support/lazy_load_hooks.rb:51:in `each'
	from /usr/local/rbenv/versions/2.6.5/lib/ruby/gems/2.6.0/gems/activesupport-6.0.3/lib/active_support/lazy_load_hooks.rb:51:in `run_load_hooks'
	from /usr/local/rbenv/versions/2.6.5/lib/ruby/gems/2.6.0/gems/railties-6.0.3/lib/rails/application/finisher.rb:129:in `block in <module:Finisher>'
	from /usr/local/rbenv/versions/2.6.5/lib/ruby/gems/2.6.0/gems/railties-6.0.3/lib/rails/initializable.rb:32:in `instance_exec'
	from /usr/local/rbenv/versions/2.6.5/lib/ruby/gems/2.6.0/gems/railties-6.0.3/lib/rails/initializable.rb:32:in `run'
	from /usr/local/rbenv/versions/2.6.5/lib/ruby/gems/2.6.0/gems/railties-6.0.3/lib/rails/initializable.rb:61:in `block in run_initializers'
	from /usr/local/rbenv/versions/2.6.5/lib/ruby/2.6.0/tsort.rb:228:in `block in tsort_each'
	from /usr/local/rbenv/versions/2.6.5/lib/ruby/2.6.0/tsort.rb:350:in `block (2 levels) in each_strongly_connected_component'
	from /usr/local/rbenv/versions/2.6.5/lib/ruby/2.6.0/tsort.rb:431:in `each_strongly_connected_component_from'
	from /usr/local/rbenv/versions/2.6.5/lib/ruby/2.6.0/tsort.rb:349:in `block in each_strongly_connected_component'
	from /usr/local/rbenv/versions/2.6.5/lib/ruby/2.6.0/tsort.rb:347:in `each'
	from /usr/local/rbenv/versions/2.6.5/lib/ruby/2.6.0/tsort.rb:347:in `call'
	from /usr/local/rbenv/versions/2.6.5/lib/ruby/2.6.0/tsort.rb:347:in `each_strongly_connected_component'
	from /usr/local/rbenv/versions/2.6.5/lib/ruby/2.6.0/tsort.rb:226:in `tsort_each'
	from /usr/local/rbenv/versions/2.6.5/lib/ruby/2.6.0/tsort.rb:205:in `tsort_each'
	from /usr/local/rbenv/versions/2.6.5/lib/ruby/gems/2.6.0/gems/railties-6.0.3/lib/rails/initializable.rb:60:in `run_initializers'
	from /usr/local/rbenv/versions/2.6.5/lib/ruby/gems/2.6.0/gems/railties-6.0.3/lib/rails/application.rb:363:in `initialize!'
	from /home/assis/projetos/servicochartrails/config/environment.rb:5:in `<main>'
	from /usr/local/rbenv/versions/2.6.5/lib/ruby/gems/2.6.0/gems/bootsnap-1.4.6/lib/bootsnap/load_path_cache/core_ext/kernel_require.rb:23:in `require'
	from /usr/local/rbenv/versions/2.6.5/lib/ruby/gems/2.6.0/gems/bootsnap-1.4.6/lib/bootsnap/load_path_cache/core_ext/kernel_require.rb:23:in `block in require_with_bootsnap_lfi'
	from /usr/local/rbenv/versions/2.6.5/lib/ruby/gems/2.6.0/gems/bootsnap-1.4.6/lib/bootsnap/load_path_cache/loaded_features_index.rb:92:in `register'
	from /usr/local/rbenv/versions/2.6.5/lib/ruby/gems/2.6.0/gems/bootsnap-1.4.6/lib/bootsnap/load_path_cache/core_ext/kernel_require.rb:22:in `require_with_bootsnap_lfi'
	from /usr/local/rbenv/versions/2.6.5/lib/ruby/gems/2.6.0/gems/bootsnap-1.4.6/lib/bootsnap/load_path_cache/core_ext/kernel_require.rb:31:in `require'
	from /usr/local/rbenv/versions/2.6.5/lib/ruby/gems/2.6.0/gems/zeitwerk-2.3.0/lib/zeitwerk/kernel.rb:23:in `require'
	from /usr/local/rbenv/versions/2.6.5/lib/ruby/gems/2.6.0/gems/activesupport-6.0.3/lib/active_support/dependencies.rb:324:in `block in require'
	from /usr/local/rbenv/versions/2.6.5/lib/ruby/gems/2.6.0/gems/activesupport-6.0.3/lib/active_support/dependencies.rb:291:in `load_dependency'
	from /usr/local/rbenv/versions/2.6.5/lib/ruby/gems/2.6.0/gems/activesupport-6.0.3/lib/active_support/dependencies.rb:324:in `require'
	from /usr/local/rbenv/versions/2.6.5/lib/ruby/gems/2.6.0/gems/bootsnap-1.4.6/lib/bootsnap/load_path_cache/core_ext/kernel_require.rb:49:in `require_relative'
	from config.ru:3:in `block in <main>'
	from /usr/local/rbenv/versions/2.6.5/lib/ruby/gems/2.6.0/gems/rack-2.2.2/lib/rack/builder.rb:116:in `eval'
	from /usr/local/rbenv/versions/2.6.5/lib/ruby/gems/2.6.0/gems/rack-2.2.2/lib/rack/builder.rb:116:in `new_from_string'
	from /usr/local/rbenv/versions/2.6.5/lib/ruby/gems/2.6.0/gems/rack-2.2.2/lib/rack/builder.rb:105:in `load_file'
	from /usr/local/rbenv/versions/2.6.5/lib/ruby/gems/2.6.0/gems/rack-2.2.2/lib/rack/builder.rb:66:in `parse_file'
	from /usr/local/rbenv/versions/2.6.5/lib/ruby/gems/2.6.0/gems/rack-2.2.2/lib/rack/server.rb:349:in `build_app_and_options_from_config'
	from /usr/local/rbenv/versions/2.6.5/lib/ruby/gems/2.6.0/gems/rack-2.2.2/lib/rack/server.rb:249:in `app'
	from /usr/local/rbenv/versions/2.6.5/lib/ruby/gems/2.6.0/gems/rack-2.2.2/lib/rack/server.rb:422:in `wrapped_app'
	from /usr/local/rbenv/versions/2.6.5/lib/ruby/gems/2.6.0/gems/rack-2.2.2/lib/rack/server.rb:312:in `block in start'
	from /usr/local/rbenv/versions/2.6.5/lib/ruby/gems/2.6.0/gems/rack-2.2.2/lib/rack/server.rb:379:in `handle_profiling'
	from /usr/local/rbenv/versions/2.6.5/lib/ruby/gems/2.6.0/gems/rack-2.2.2/lib/rack/server.rb:311:in `start'
	from /usr/local/rbenv/versions/2.6.5/lib/ruby/gems/2.6.0/gems/railties-6.0.3/lib/rails/commands/server/server_command.rb:39:in `start'
	from /usr/local/rbenv/versions/2.6.5/lib/ruby/gems/2.6.0/gems/railties-6.0.3/lib/rails/commands/server/server_command.rb:147:in `block in perform'
	from /usr/local/rbenv/versions/2.6.5/lib/ruby/gems/2.6.0/gems/railties-6.0.3/lib/rails/commands/server/server_command.rb:138:in `tap'
	from /usr/local/rbenv/versions/2.6.5/lib/ruby/gems/2.6.0/gems/railties-6.0.3/lib/rails/commands/server/server_command.rb:138:in `perform'
	from /usr/local/rbenv/versions/2.6.5/lib/ruby/gems/2.6.0/gems/thor-1.0.1/lib/thor/command.rb:27:in `run'
	from /usr/local/rbenv/versions/2.6.5/lib/ruby/gems/2.6.0/gems/thor-1.0.1/lib/thor/invocation.rb:127:in `invoke_command'
	from /usr/local/rbenv/versions/2.6.5/lib/ruby/gems/2.6.0/gems/thor-1.0.1/lib/thor.rb:392:in `dispatch'
	from /usr/local/rbenv/versions/2.6.5/lib/ruby/gems/2.6.0/gems/railties-6.0.3/lib/rails/command/base.rb:69:in `perform'
	from /usr/local/rbenv/versions/2.6.5/lib/ruby/gems/2.6.0/gems/railties-6.0.3/lib/rails/command.rb:46:in `invoke'
	from /usr/local/rbenv/versions/2.6.5/lib/ruby/gems/2.6.0/gems/railties-6.0.3/lib/rails/commands.rb:18:in `<main>'
	from /usr/local/rbenv/versions/2.6.5/lib/ruby/gems/2.6.0/gems/bootsnap-1.4.6/lib/bootsnap/load_path_cache/core_ext/kernel_require.rb:23:in `require'
	from /usr/local/rbenv/versions/2.6.5/lib/ruby/gems/2.6.0/gems/bootsnap-1.4.6/lib/bootsnap/load_path_cache/core_ext/kernel_require.rb:23:in `block in require_with_bootsnap_lfi'
	from /usr/local/rbenv/versions/2.6.5/lib/ruby/gems/2.6.0/gems/bootsnap-1.4.6/lib/bootsnap/load_path_cache/loaded_features_index.rb:92:in `register'
	from /usr/local/rbenv/versions/2.6.5/lib/ruby/gems/2.6.0/gems/bootsnap-1.4.6/lib/bootsnap/load_path_cache/core_ext/kernel_require.rb:22:in `require_with_bootsnap_lfi'
	from /usr/local/rbenv/versions/2.6.5/lib/ruby/gems/2.6.0/gems/bootsnap-1.4.6/lib/bootsnap/load_path_cache/core_ext/kernel_require.rb:31:in `require'
	from /usr/local/rbenv/versions/2.6.5/lib/ruby/gems/2.6.0/gems/activesupport-6.0.3/lib/active_support/dependencies.rb:324:in `block in require'
	from /usr/local/rbenv/versions/2.6.5/lib/ruby/gems/2.6.0/gems/activesupport-6.0.3/lib/active_support/dependencies.rb:291:in `load_dependency'
	from /usr/local/rbenv/versions/2.6.5/lib/ruby/gems/2.6.0/gems/activesupport-6.0.3/lib/active_support/dependencies.rb:324:in `require'
	from /home/assis/projetos/servicochartrails/bin/rails:9:in `<top (required)>'
	from /usr/local/rbenv/versions/2.6.5/lib/ruby/gems/2.6.0/gems/spring-2.1.0/lib/spring/client/rails.rb:28:in `load'
	from /usr/local/rbenv/versions/2.6.5/lib/ruby/gems/2.6.0/gems/spring-2.1.0/lib/spring/client/rails.rb:28:in `call'
	from /usr/local/rbenv/versions/2.6.5/lib/ruby/gems/2.6.0/gems/spring-2.1.0/lib/spring/client/command.rb:7:in `call'
	from /usr/local/rbenv/versions/2.6.5/lib/ruby/gems/2.6.0/gems/spring-2.1.0/lib/spring/client.rb:30:in `run'
	from /usr/local/rbenv/versions/2.6.5/lib/ruby/gems/2.6.0/gems/spring-2.1.0/bin/spring:49:in `<top (required)>'
	from /usr/local/rbenv/versions/2.6.5/lib/ruby/gems/2.6.0/gems/spring-2.1.0/lib/spring/binstub.rb:11:in `load'
	from /usr/local/rbenv/versions/2.6.5/lib/ruby/gems/2.6.0/gems/spring-2.1.0/lib/spring/binstub.rb:11:in `<top (required)>'
	from /usr/local/rbenv/versions/2.6.5/lib/ruby/site_ruby/2.6.0/rubygems/core_ext/kernel_require.rb:85:in `require'
	from /usr/local/rbenv/versions/2.6.5/lib/ruby/site_ruby/2.6.0/rubygems/core_ext/kernel_require.rb:85:in `require'
	from /home/assis/projetos/servicochartrails/bin/spring:15:in `<top (required)>'
	from bin/rails:3:in `load'
	from bin/rails:3:in `<main>'
=> Booting Puma
=> Rails 6.0.3 application starting in development 
=> Run `rails server --help` for more startup options
Puma starting in single mode...
* Version 4.3.3 (ruby 2.6.5-p114), codename: Mysterious Traveller
* Min threads: 5, max threads: 5
* Environment: development
* Listening on tcp://0.0.0.0:3000
Use Ctrl-C to stop
Started GET "/" for 127.0.0.1 at 2021-02-19 19:45:27 -0400
  [1m[35m (0.9ms)[0m  [1m[34mSELECT sqlite_version(*)[0m
  [1m[35m (0.2ms)[0m  [1m[34mSELECT "schema_migrations"."version" FROM "schema_migrations" ORDER BY "schema_migrations"."version" ASC[0m
Processing by Rails::WelcomeController#index as HTML
  Rendering /usr/local/rbenv/versions/2.6.5/lib/ruby/gems/2.6.0/gems/railties-6.0.3/lib/rails/templates/rails/welcome/index.html.erb
  Rendered /usr/local/rbenv/versions/2.6.5/lib/ruby/gems/2.6.0/gems/railties-6.0.3/lib/rails/templates/rails/welcome/index.html.erb (Duration: 33.3ms | Allocations: 308)
Completed 200 OK in 110ms (Views: 35.8ms | ActiveRecord: 0.0ms | Allocations: 1638)


